
           ___      .______        ______  __    __  .______      
          /   \     |   _  \      /      ||  |  |  | |   _  \     
         /  ^  \    |  |_)  |    |  ,----'|  |__|  | |  |_)  |    
        /  /_\  \   |      /     |  |     |   __   | |      /     
       /  _____  \  |  |\  \\___ |  `----.|  |  |  | |  |\  \\___.
      /__/     \__\ | _| `._____| \______||__|  |__| | _| `._____|
    
Logging With ArchR!

Start Time : 2022-11-11 21:25:08

------- ArchR Info

ArchRThreads = 4

------- System Info

Computer OS = unix
Total Cores = 32

------- Session Info

R version 4.1.3 (2022-03-10)
Platform: x86_64-conda-linux-gnu (64-bit)
Running under: CentOS Linux 7 (Core)

Matrix products: default
BLAS/LAPACK: /home/yixiaoz/anaconda3/envs/ArchR_Env/lib/libopenblasp-r0.3.21.so

Random number generation:
 RNG:     L'Ecuyer-CMRG 
 Normal:  Inversion 
 Sample:  Rejection 
 
locale:
 [1] LC_CTYPE=en_US.UTF-8       LC_NUMERIC=C              
 [3] LC_TIME=en_US.UTF-8        LC_COLLATE=en_US.UTF-8    
 [5] LC_MONETARY=en_US.UTF-8    LC_MESSAGES=en_US.UTF-8   
 [7] LC_PAPER=en_US.UTF-8       LC_NAME=C                 
 [9] LC_ADDRESS=C               LC_TELEPHONE=C            
[11] LC_MEASUREMENT=en_US.UTF-8 LC_IDENTIFICATION=C       

attached base packages:
 [1] parallel  stats4    grid      stats     graphics  grDevices utils    
 [8] datasets  methods   base     

other attached packages:
 [1] hexbin_1.28.2               harmony_0.1.0              
 [3] uwot_0.1.14                 nabor_0.5.0                
 [5] sp_1.5-0                    SeuratObject_4.1.2         
 [7] Seurat_4.2.0                rhdf5_2.38.1               
 [9] SummarizedExperiment_1.24.0 Biobase_2.54.0             
[11] MatrixGenerics_1.6.0        Rcpp_1.0.9                 
[13] Matrix_1.5-1                GenomicRanges_1.46.1       
[15] GenomeInfoDb_1.30.1         IRanges_2.28.0             
[17] S4Vectors_0.32.4            BiocGenerics_0.40.0        
[19] matrixStats_0.62.0          data.table_1.14.2          
[21] stringr_1.4.1               plyr_1.8.7                 
[23] magrittr_2.0.3              ggplot2_3.3.6              
[25] gtable_0.3.1                gtools_3.9.3               
[27] gridExtra_2.3               ArchR_1.0.2                

loaded via a namespace (and not attached):
  [1] uuid_1.1-0             igraph_1.3.5           repr_1.1.4            
  [4] lazyeval_0.2.2         splines_4.1.3          listenv_0.8.0         
  [7] scattermore_0.8        digest_0.6.29          htmltools_0.5.3       
 [10] fansi_1.0.3            tensor_1.5             cluster_2.1.4         
 [13] ROCR_1.0-11            globals_0.16.1         spatstat.sparse_2.1-1 
 [16] colorspace_2.0-3       ggrepel_0.9.1          dplyr_1.0.10          
 [19] crayon_1.5.2           RCurl_1.98-1.8         jsonlite_1.8.2        
 [22] progressr_0.11.0       spatstat.data_2.2-0    survival_3.4-0        
 [25] zoo_1.8-11             glue_1.6.2             polyclip_1.10-0       
 [28] zlibbioc_1.40.0        XVector_0.34.0         leiden_0.4.3          
 [31] DelayedArray_0.20.0    Rhdf5lib_1.16.0        future.apply_1.9.1    
 [34] abind_1.4-5            scales_1.2.1           DBI_1.1.3             
 [37] spatstat.random_2.2-0  miniUI_0.1.1.1         viridisLite_0.4.1     
 [40] xtable_1.8-4           reticulate_1.26        spatstat.core_2.4-4   
 [43] htmlwidgets_1.5.4      httr_1.4.4             RColorBrewer_1.1-3    
 [46] ellipsis_0.3.2         ica_1.0-3              pkgconfig_2.0.3       
 [49] farver_2.1.1           deldir_1.0-6           utf8_1.2.2            
 [52] tidyselect_1.1.2       labeling_0.4.2         rlang_1.0.6           
 [55] reshape2_1.4.4         later_1.3.0            munsell_0.5.0         
 [58] tools_4.1.3            cli_3.4.1              generics_0.1.3        
 [61] ggridges_0.5.4         evaluate_0.16          fastmap_1.1.0         
 [64] goftest_1.2-3          fitdistrplus_1.1-8     purrr_0.3.4           
 [67] RANN_2.6.1             pbapply_1.5-0          future_1.28.0         
 [70] nlme_3.1-159           mime_0.12              compiler_4.1.3        
 [73] plotly_4.10.0          png_0.1-7              spatstat.utils_2.3-1  
 [76] tibble_3.1.8           stringi_1.7.8          rgeos_0.5-9           
 [79] lattice_0.20-45        IRdisplay_1.1          vctrs_0.4.2           
 [82] pillar_1.8.1           lifecycle_1.0.2        rhdf5filters_1.6.0    
 [85] spatstat.geom_2.4-0    lmtest_0.9-40          RcppAnnoy_0.0.19      
 [88] cowplot_1.1.1          bitops_1.0-7           irlba_2.3.5           
 [91] httpuv_1.6.6           patchwork_1.1.2        R6_2.5.1              
 [94] promises_1.2.0.1       KernSmooth_2.23-20     parallelly_1.32.1     
 [97] codetools_0.2-18       MASS_7.3-58.1          assertthat_0.2.1      
[100] withr_2.5.0            sctransform_0.3.5      GenomeInfoDbData_1.2.7
[103] mgcv_1.8-40            rpart_4.1.16           IRkernel_1.3          
[106] tidyr_1.2.1            Rtsne_0.16             pbdZMQ_0.3-7          
[109] shiny_1.7.2            base64enc_0.1-3       


------- Log Info


2022-11-11 21:25:08 : Input-Parameters, Class = list

Input-Parameters$ArchRProj: length = 1

Input-Parameters$embedding: length = 1
[1] "UMAPH200_ATAC"


Input-Parameters$colorBy: length = 1
[1] "GeneScoreMatrix"


Input-Parameters$name: length = 8
[1] "Lhx6"   "Pvalb"  "TRPS1"  "Sst"    "Adarb2" "Vip"   


Input-Parameters$log2Norm: length = 0
NULL


Input-Parameters$pal: length = 0
NULL


Input-Parameters$size: length = 1
[1] 0.1


Input-Parameters$sampleCells: length = 0
NULL


Input-Parameters$highlightCells: length = 0
NULL


Input-Parameters$rastr: length = 1
[1] TRUE


Input-Parameters$quantCut: length = 2
[1] 0.01 0.99


Input-Parameters$discreteSet: length = 0
NULL


Input-Parameters$continuousSet: length = 0
NULL


Input-Parameters$randomize: length = 1
[1] TRUE


Input-Parameters$keepAxis: length = 1
[1] FALSE


Input-Parameters$baseSize: length = 1
[1] 10


Input-Parameters$plotAs: length = 0
NULL


Input-Parameters$threads: length = 1
[1] 4


Input-Parameters$logFile: length = 1
[1] "ArchRLogs/ArchR-plotEmbedding-b584114c0b2c-Date-2022-11-11_Time-21-25-08.log"



2022-11-11 21:25:08 : 

2022-11-11 21:25:08 : Embedding data.frame, Class = data.frame
Embedding data.frame: nRows = 44068, nCols = 2
                      HarmonyI200_ATAC#UMAP_Dimension_1
1S#AGAAGGTGTTGTTCAC-1                       -0.41619770
1S#AAGCCTGTCTTAGGGT-1                        0.08332167
1S#AGTTGCAGTGTCCAAA-1                        1.01690201
1S#ACTTGAATCGGTTCCT-1                        0.46804009
1S#GGCTTCAAGCAAACCT-1                       -0.20400595
1S#TCACTGACAACTGGCT-1                        0.69114856
                      HarmonyI200_ATAC#UMAP_Dimension_2
1S#AGAAGGTGTTGTTCAC-1                         -3.935500
1S#AAGCCTGTCTTAGGGT-1                         -4.284349
1S#AGTTGCAGTGTCCAAA-1                         -1.653868
1S#ACTTGAATCGGTTCCT-1                          2.199216
1S#GGCTTCAAGCAAACCT-1                         -4.274580
1S#TCACTGACAACTGGCT-1                         -3.429037



2022-11-11 21:25:11 : 

2022-11-11 21:25:11 : 

2022-11-11 21:25:11 : FeatureDF, Class = DFrame
DataFrame with 32751 rows and 6 columns
      seqnames     start       end  strand          name     idx
         <Rle>   <array>   <array> <array>       <array> <array>
1         chr1    732075    726113       2       Vmn2r86       1
2         chr1    830832    827215       2 B230307C23Rik       2
3         chr1    966313    960430       2       Gm14496       3
4         chr1   1005048    995974       2       Vmn2r89       4
5         chr1   1074961   1068837       2        Vmn2r9       5
...        ...       ...       ...     ...           ...     ...
32747     chrX 151633510 151636155       1         Avpr2    1077
32748     chrX 151651135 151636085       2       Arhgap4    1078
32749     chrX 151661283 151656053       2         Naa10    1079
32750     chrX 151670519 151661460       2         Renbp    1080
32751     chrX 151712640 151687786       2         Hcfc1    1081


2022-11-11 21:25:11 : idx, Class = integer

idx: length = 8
[1] 18847 27940 27615  7334 13327   378



2022-11-11 21:25:11 : FeatureDF-Subset, Class = DFrame
DataFrame with 8 rows and 6 columns
  seqnames     start       end  strand    name     idx
     <Rle>   <array>   <array> <array> <array> <array>
1     chr3  19456746  19432440       2    Lhx6     376
2     chr7 109787877 109772941       2   Pvalb    1377
3     chr7  82142978  81916228       2   Trps1    1052
4    chr11  76956946  76958171       1     Sst     734
5    chr17  62301230  61750429       2  Adarb2     843
6     chr1  42065095  42073219       1     Vip     378
7    chr16   9705079   9700513       2    Sncg     152
8     chr3 123366396 123384973       1   Lamp5    1722


2022-11-11 21:25:48 : Feature-Matrix, Class = dgCMatrix
Feature-Matrix: nRows = 8, nCols = 44068
Feature-Matrix: NonZeroEntries = 149151, EntryRange = [ 0.025 , 27.56 ]
5 x 5 sparse Matrix of class "dgCMatrix"
     1S#AGAAGGTGTTGTTCAC-1 1S#AAGCCTGTCTTAGGGT-1 1S#AGTTGCAGTGTCCAAA-1
[1,]                 0.412                 0.103                 0.198
[2,]                 0.094                 .                     0.347
[3,]                 0.333                 0.385                 0.307
[4,]                 0.260                 0.569                 0.338
[5,]                 1.133                 1.379                 2.499
     1S#ACTTGAATCGGTTCCT-1 1S#GGCTTCAAGCAAACCT-1
[1,]                 0.102                 0.554
[2,]                 0.243                 0.180
[3,]                 0.281                 0.662
[4,]                 0.256                 0.272
[5,]                 1.825                 2.348



2022-11-11 21:25:48 : colorMat-Before-Impute, Class = matrix
 
2022-11-11 21:25:48 : colorMat-Before-Impute, Class = array
       1S#AGAAGGTGTTGTTCAC-1 1S#AAGCCTGTCTTAGGGT-1 1S#AGTTGCAGTGTCCAAA-1
Lhx6                   0.412                 0.103                 0.198
Pvalb                  0.094                 0.000                 0.347
TRPS1                  0.333                 0.385                 0.307
Sst                    0.260                 0.569                 0.338
Adarb2                 1.133                 1.379                 2.499
       1S#ACTTGAATCGGTTCCT-1 1S#GGCTTCAAGCAAACCT-1
Lhx6                   0.102                 0.554
Pvalb                  0.243                 0.180
TRPS1                  0.281                 0.662
Sst                    0.256                 0.272
Adarb2                 1.825                 2.348

colorMat-Before-Impute: nRows = 8, nCols = 44068


2022-11-11 21:25:48 : imputeMatrix Input-Parameters, Class = list

imputeMatrix Input-Parameters$mat: nRows = 8, nCols = 44068
       1S#AGAAGGTGTTGTTCAC-1 1S#AAGCCTGTCTTAGGGT-1 1S#AGTTGCAGTGTCCAAA-1
Lhx6                   0.412                 0.103                 0.198
Pvalb                  0.094                 0.000                 0.347
TRPS1                  0.333                 0.385                 0.307
Sst                    0.260                 0.569                 0.338
Adarb2                 1.133                 1.379                 2.499
       1S#ACTTGAATCGGTTCCT-1 1S#GGCTTCAAGCAAACCT-1
Lhx6                   0.102                 0.554
Pvalb                  0.243                 0.180
TRPS1                  0.281                 0.662
Sst                    0.256                 0.272
Adarb2                 1.825                 2.348


imputeMatrix Input-Parameters$threads: length = 1
[1] 4


imputeMatrix Input-Parameters$verbose: length = 1
[1] FALSE


imputeMatrix Input-Parameters$logFile: length = 1
[1] "ArchRLogs/ArchR-plotEmbedding-b584114c0b2c-Date-2022-11-11_Time-21-25-08.log"



2022-11-11 21:25:48 : mat, Class = matrix
 
2022-11-11 21:25:48 : mat, Class = array
       1S#AGAAGGTGTTGTTCAC-1 1S#AAGCCTGTCTTAGGGT-1 1S#AGTTGCAGTGTCCAAA-1
Lhx6                   0.412                 0.103                 0.198
Pvalb                  0.094                 0.000                 0.347
TRPS1                  0.333                 0.385                 0.307
Sst                    0.260                 0.569                 0.338
Adarb2                 1.133                 1.379                 2.499
       1S#ACTTGAATCGGTTCCT-1 1S#GGCTTCAAGCAAACCT-1
Lhx6                   0.102                 0.554
Pvalb                  0.243                 0.180
TRPS1                  0.281                 0.662
Sst                    0.256                 0.272
Adarb2                 1.825                 2.348

mat: nRows = 8, nCols = 44068


2022-11-11 21:25:48 : weightList, Class = SimpleList

weightList$w1: length = 1
[1] "/projects/pfenninggroup/singleCell/Pierce_transgen_rat_multiome/data/tidy_data/ArchRProjects/Rat_Transgen_NAc_scATAC/ImputeWeights/Impute-Weights-Rep-1"


weightList$w2: length = 1
[1] "/projects/pfenninggroup/singleCell/Pierce_transgen_rat_multiome/data/tidy_data/ArchRProjects/Rat_Transgen_NAc_scATAC/ImputeWeights/Impute-Weights-Rep-2"


2022-11-11 21:25:48 : Imputing Matrix (1 of 2), 0 mins elapsed.

2022-11-11 21:25:48 : 

2022-11-11 21:25:49 : 

2022-11-11 21:25:49 : 

2022-11-11 21:25:49 : 

2022-11-11 21:25:49 : 

2022-11-11 21:25:54 : 

2022-11-11 21:25:54 : 

2022-11-11 21:25:54 : 

2022-11-11 21:25:54 : 

2022-11-11 21:25:58 : 
2022-11-11 21:26:01 : Imputing Matrix (2 of 2), 0.215 mins elapsed.

2022-11-11 21:26:01 : 

2022-11-11 21:26:02 : 

2022-11-11 21:26:03 : 

2022-11-11 21:26:03 : 

2022-11-11 21:26:03 : 

2022-11-11 21:26:05 : 

2022-11-11 21:26:07 : 

2022-11-11 21:26:07 : 

2022-11-11 21:26:07 : 

2022-11-11 21:26:11 : 
2022-11-11 21:26:14 : Finished Imputing Matrix, 0.429 mins elapsed.

2022-11-11 21:26:14 : colorMat-After-Impute, Class = matrix
 
2022-11-11 21:26:14 : colorMat-After-Impute, Class = array
       1S#AGAAGGTGTTGTTCAC-1 1S#AAGCCTGTCTTAGGGT-1 1S#AGTTGCAGTGTCCAAA-1
Lhx6               0.3154820             0.3080828             0.2380719
Pvalb              0.2615226             0.2848338             0.2329437
TRPS1              0.7283974             0.7159895             0.7501523
Sst                0.3083208             0.3280868             0.2908313
Adarb2             1.8072634             1.7521169             1.6567442
       1S#ACTTGAATCGGTTCCT-1 1S#GGCTTCAAGCAAACCT-1
Lhx6               0.2041441             0.3104695
Pvalb              0.2097223             0.2783919
TRPS1              0.8058398             0.7013689
Sst                0.2227621             0.3263969
Adarb2             1.5173160             1.7702513

colorMat-After-Impute: nRows = 8, nCols = 44068


2022-11-11 21:26:14 : ColorParams 1, Class = list

ColorParams 1$color: length = 44068
1S#AGAAGGTGTTGTTCAC-1 1S#AAGCCTGTCTTAGGGT-1 1S#AGTTGCAGTGTCCAAA-1 
            0.3154820             0.3080828             0.2380719 
1S#ACTTGAATCGGTTCCT-1 1S#GGCTTCAAGCAAACCT-1 1S#TCACTGACAACTGGCT-1 
            0.2041441             0.3104695             0.3035214 


ColorParams 1$discrete: length = 1
[1] FALSE


ColorParams 1$title: length = 1
[1] "UMAPH200_ATAC of HarmonyI200_ATAC colored by\nGeneScoreMatrix : Lhx6"


ColorParams 1$continuousSet: length = 1
[1] "horizonExtra"



2022-11-11 21:26:14 : PlotParams-1, Class = list

PlotParams-1$color: length = 44068
1S#AGAAGGTGTTGTTCAC-1 1S#AAGCCTGTCTTAGGGT-1 1S#AGTTGCAGTGTCCAAA-1 
            0.3955915             0.3874538             0.3080951 
1S#ACTTGAATCGGTTCCT-1 1S#GGCTTCAAGCAAACCT-1 1S#TCACTGACAACTGGCT-1 
            0.2680080             0.3900838             0.3824143 


PlotParams-1$title: length = 1
[1] "UMAPH200_ATAC of HarmonyI200_ATAC colored by\nGeneScoreMatrix : Lhx6"


PlotParams-1$x: length = 44068
[1] -0.41619770  0.08332167  1.01690201  0.46804009 -0.20400595  0.69114856


PlotParams-1$y: length = 44068
[1] -3.935500 -4.284349 -1.653868  2.199216 -4.274580 -3.429037


PlotParams-1$baseSize: length = 1
[1] 10


PlotParams-1$xlabel: length = 1
[1] "UMAP Dimension 1"


PlotParams-1$ylabel: length = 1
[1] "UMAP Dimension 2"


PlotParams-1$pal: length = 256
[1] "#000436" "#000439" "#00053D" "#000640" "#000744" "#000848"


PlotParams-1$colorTitle: length = 1
[1] "Log2(NormCounts + 1)"



2022-11-11 21:26:15 : PlotParams-2, Class = list

PlotParams-2$color: length = 44068
1S#AGAAGGTGTTGTTCAC-1 1S#AAGCCTGTCTTAGGGT-1 1S#AGTTGCAGTGTCCAAA-1 
            0.3351661             0.3615817             0.3021069 
1S#ACTTGAATCGGTTCCT-1 1S#GGCTTCAAGCAAACCT-1 1S#TCACTGACAACTGGCT-1 
            0.2746759             0.3543302             0.3585497 


PlotParams-2$title: length = 1
[1] "UMAPH200_ATAC of HarmonyI200_ATAC colored by\nGeneScoreMatrix : Pvalb"


PlotParams-2$x: length = 44068
[1] -0.41619770  0.08332167  1.01690201  0.46804009 -0.20400595  0.69114856


PlotParams-2$y: length = 44068
[1] -3.935500 -4.284349 -1.653868  2.199216 -4.274580 -3.429037


PlotParams-2$baseSize: length = 1
[1] 10


PlotParams-2$xlabel: length = 1
[1] "UMAP Dimension 1"


PlotParams-2$ylabel: length = 1
[1] "UMAP Dimension 2"


PlotParams-2$pal: length = 256
[1] "#000436" "#000439" "#00053D" "#000640" "#000744" "#000848"


PlotParams-2$colorTitle: length = 1
[1] "Log2(NormCounts + 1)"



2022-11-11 21:26:16 : PlotParams-3, Class = list

PlotParams-3$color: length = 44068
1S#AGAAGGTGTTGTTCAC-1 1S#AAGCCTGTCTTAGGGT-1 1S#AGTTGCAGTGTCCAAA-1 
            0.7894349             0.7790407             0.8074805 
1S#ACTTGAATCGGTTCCT-1 1S#GGCTTCAAGCAAACCT-1 1S#TCACTGACAACTGGCT-1 
            0.8526699             0.7666960             0.7793820 


PlotParams-3$title: length = 1
[1] "UMAPH200_ATAC of HarmonyI200_ATAC colored by\nGeneScoreMatrix : TRPS1"


PlotParams-3$x: length = 44068
[1] -0.41619770  0.08332167  1.01690201  0.46804009 -0.20400595  0.69114856


PlotParams-3$y: length = 44068
[1] -3.935500 -4.284349 -1.653868  2.199216 -4.274580 -3.429037


PlotParams-3$baseSize: length = 1
[1] 10


PlotParams-3$xlabel: length = 1
[1] "UMAP Dimension 1"


PlotParams-3$ylabel: length = 1
[1] "UMAP Dimension 2"


PlotParams-3$pal: length = 256
[1] "#000436" "#000439" "#00053D" "#000640" "#000744" "#000848"


PlotParams-3$colorTitle: length = 1
[1] "Log2(NormCounts + 1)"



2022-11-11 21:26:17 : PlotParams-4, Class = list

PlotParams-4$color: length = 44068
1S#AGAAGGTGTTGTTCAC-1 1S#AAGCCTGTCTTAGGGT-1 1S#AGTTGCAGTGTCCAAA-1 
            0.3877163             0.4093495             0.3683004 
1S#ACTTGAATCGGTTCCT-1 1S#GGCTTCAAGCAAACCT-1 1S#TCACTGACAACTGGCT-1 
            0.2901438             0.4075125             0.3833452 


PlotParams-4$title: length = 1
[1] "UMAPH200_ATAC of HarmonyI200_ATAC colored by\nGeneScoreMatrix : Sst"


PlotParams-4$x: length = 44068
[1] -0.41619770  0.08332167  1.01690201  0.46804009 -0.20400595  0.69114856


PlotParams-4$y: length = 44068
[1] -3.935500 -4.284349 -1.653868  2.199216 -4.274580 -3.429037


PlotParams-4$baseSize: length = 1
[1] 10


PlotParams-4$xlabel: length = 1
[1] "UMAP Dimension 1"


PlotParams-4$ylabel: length = 1
[1] "UMAP Dimension 2"


PlotParams-4$pal: length = 256
[1] "#000436" "#000439" "#00053D" "#000640" "#000744" "#000848"


PlotParams-4$colorTitle: length = 1
[1] "Log2(NormCounts + 1)"



2022-11-11 21:26:19 : PlotParams-5, Class = list

PlotParams-5$color: length = 44068
1S#AGAAGGTGTTGTTCAC-1 1S#AAGCCTGTCTTAGGGT-1 1S#AGTTGCAGTGTCCAAA-1 
             1.489164              1.460542              1.409659 
1S#ACTTGAATCGGTTCCT-1 1S#GGCTTCAAGCAAACCT-1 1S#TCACTGACAACTGGCT-1 
             1.331886              1.470017              1.448011 


PlotParams-5$title: length = 1
[1] "UMAPH200_ATAC of HarmonyI200_ATAC colored by\nGeneScoreMatrix : Adarb2"


PlotParams-5$x: length = 44068
[1] -0.41619770  0.08332167  1.01690201  0.46804009 -0.20400595  0.69114856


PlotParams-5$y: length = 44068
[1] -3.935500 -4.284349 -1.653868  2.199216 -4.274580 -3.429037


PlotParams-5$baseSize: length = 1
[1] 10


PlotParams-5$xlabel: length = 1
[1] "UMAP Dimension 1"


PlotParams-5$ylabel: length = 1
[1] "UMAP Dimension 2"


PlotParams-5$pal: length = 256
[1] "#000436" "#000439" "#00053D" "#000640" "#000744" "#000848"


PlotParams-5$colorTitle: length = 1
[1] "Log2(NormCounts + 1)"



2022-11-11 21:26:19 : PlotParams-6, Class = list

PlotParams-6$color: length = 44068
1S#AGAAGGTGTTGTTCAC-1 1S#AAGCCTGTCTTAGGGT-1 1S#AGTTGCAGTGTCCAAA-1 
            0.3410830             0.3398842             0.2724098 
1S#ACTTGAATCGGTTCCT-1 1S#GGCTTCAAGCAAACCT-1 1S#TCACTGACAACTGGCT-1 
            0.2231239             0.3449302             0.3030058 


PlotParams-6$title: length = 1
[1] "UMAPH200_ATAC of HarmonyI200_ATAC colored by\nGeneScoreMatrix : Vip"


PlotParams-6$x: length = 44068
[1] -0.41619770  0.08332167  1.01690201  0.46804009 -0.20400595  0.69114856


PlotParams-6$y: length = 44068
[1] -3.935500 -4.284349 -1.653868  2.199216 -4.274580 -3.429037


PlotParams-6$baseSize: length = 1
[1] 10


PlotParams-6$xlabel: length = 1
[1] "UMAP Dimension 1"


PlotParams-6$ylabel: length = 1
[1] "UMAP Dimension 2"


PlotParams-6$pal: length = 256
[1] "#000436" "#000439" "#00053D" "#000640" "#000744" "#000848"


PlotParams-6$colorTitle: length = 1
[1] "Log2(NormCounts + 1)"



2022-11-11 21:26:22 : PlotParams-7, Class = list

PlotParams-7$color: length = 44068
1S#AGAAGGTGTTGTTCAC-1 1S#AAGCCTGTCTTAGGGT-1 1S#AGTTGCAGTGTCCAAA-1 
            0.2789692             0.2904923             0.2417909 
1S#ACTTGAATCGGTTCCT-1 1S#GGCTTCAAGCAAACCT-1 1S#TCACTGACAACTGGCT-1 
            0.2320438             0.2972330             0.2500439 


PlotParams-7$title: length = 1
[1] "UMAPH200_ATAC of HarmonyI200_ATAC colored by\nGeneScoreMatrix : Sncg"


PlotParams-7$x: length = 44068
[1] -0.41619770  0.08332167  1.01690201  0.46804009 -0.20400595  0.69114856


PlotParams-7$y: length = 44068
[1] -3.935500 -4.284349 -1.653868  2.199216 -4.274580 -3.429037


PlotParams-7$baseSize: length = 1
[1] 10


PlotParams-7$xlabel: length = 1
[1] "UMAP Dimension 1"


PlotParams-7$ylabel: length = 1
[1] "UMAP Dimension 2"


PlotParams-7$pal: length = 256
[1] "#000436" "#000439" "#00053D" "#000640" "#000744" "#000848"


PlotParams-7$colorTitle: length = 1
[1] "Log2(NormCounts + 1)"



2022-11-11 21:26:22 : PlotParams-8, Class = list

PlotParams-8$color: length = 44068
1S#AGAAGGTGTTGTTCAC-1 1S#AAGCCTGTCTTAGGGT-1 1S#AGTTGCAGTGTCCAAA-1 
            0.4079023             0.4109926             0.4588969 
1S#ACTTGAATCGGTTCCT-1 1S#GGCTTCAAGCAAACCT-1 1S#TCACTGACAACTGGCT-1 
            0.5017565             0.4170163             0.4216202 


PlotParams-8$title: length = 1
[1] "UMAPH200_ATAC of HarmonyI200_ATAC colored by\nGeneScoreMatrix : Lamp5"


PlotParams-8$x: length = 44068
[1] -0.41619770  0.08332167  1.01690201  0.46804009 -0.20400595  0.69114856


PlotParams-8$y: length = 44068
[1] -3.935500 -4.284349 -1.653868  2.199216 -4.274580 -3.429037


PlotParams-8$baseSize: length = 1
[1] 10


PlotParams-8$xlabel: length = 1
[1] "UMAP Dimension 1"


PlotParams-8$ylabel: length = 1
[1] "UMAP Dimension 2"


PlotParams-8$pal: length = 256
[1] "#000436" "#000439" "#00053D" "#000640" "#000744" "#000848"


PlotParams-8$colorTitle: length = 1
[1] "Log2(NormCounts + 1)"



------- Completed

End Time : 2022-11-11 21:26:23
Elapsed Time Minutes = 1.2643767118454
Elapsed Time Hours = 0.021072994934188

-------



