
           ___      .______        ______  __    __  .______      
          /   \     |   _  \      /      ||  |  |  | |   _  \     
         /  ^  \    |  |_)  |    |  ,----'|  |__|  | |  |_)  |    
        /  /_\  \   |      /     |  |     |   __   | |      /     
       /  _____  \  |  |\  \\___ |  `----.|  |  |  | |  |\  \\___.
      /__/     \__\ | _| `._____| \______||__|  |__| | _| `._____|
    
Logging With ArchR!

Start Time : 2022-11-11 20:47:16

------- ArchR Info

ArchRThreads = 4

------- System Info

Computer OS = unix
Total Cores = 32

------- Session Info

R version 4.1.3 (2022-03-10)
Platform: x86_64-conda-linux-gnu (64-bit)
Running under: CentOS Linux 7 (Core)

Matrix products: default
BLAS/LAPACK: /home/yixiaoz/anaconda3/envs/ArchR_Env/lib/libopenblasp-r0.3.21.so

Random number generation:
 RNG:     L'Ecuyer-CMRG 
 Normal:  Inversion 
 Sample:  Rejection 
 
locale:
 [1] LC_CTYPE=en_US.UTF-8       LC_NUMERIC=C              
 [3] LC_TIME=en_US.UTF-8        LC_COLLATE=en_US.UTF-8    
 [5] LC_MONETARY=en_US.UTF-8    LC_MESSAGES=en_US.UTF-8   
 [7] LC_PAPER=en_US.UTF-8       LC_NAME=C                 
 [9] LC_ADDRESS=C               LC_TELEPHONE=C            
[11] LC_MEASUREMENT=en_US.UTF-8 LC_IDENTIFICATION=C       

attached base packages:
 [1] parallel  stats4    grid      stats     graphics  grDevices utils    
 [8] datasets  methods   base     

other attached packages:
 [1] hexbin_1.28.2               harmony_0.1.0              
 [3] uwot_0.1.14                 nabor_0.5.0                
 [5] sp_1.5-0                    SeuratObject_4.1.2         
 [7] Seurat_4.2.0                rhdf5_2.38.1               
 [9] SummarizedExperiment_1.24.0 Biobase_2.54.0             
[11] MatrixGenerics_1.6.0        Rcpp_1.0.9                 
[13] Matrix_1.5-1                GenomicRanges_1.46.1       
[15] GenomeInfoDb_1.30.1         IRanges_2.28.0             
[17] S4Vectors_0.32.4            BiocGenerics_0.40.0        
[19] matrixStats_0.62.0          data.table_1.14.2          
[21] stringr_1.4.1               plyr_1.8.7                 
[23] magrittr_2.0.3              ggplot2_3.3.6              
[25] gtable_0.3.1                gtools_3.9.3               
[27] gridExtra_2.3               ArchR_1.0.2                

loaded via a namespace (and not attached):
  [1] uuid_1.1-0             igraph_1.3.5           repr_1.1.4            
  [4] lazyeval_0.2.2         splines_4.1.3          listenv_0.8.0         
  [7] scattermore_0.8        digest_0.6.29          htmltools_0.5.3       
 [10] fansi_1.0.3            tensor_1.5             cluster_2.1.4         
 [13] ROCR_1.0-11            globals_0.16.1         spatstat.sparse_2.1-1 
 [16] colorspace_2.0-3       ggrepel_0.9.1          dplyr_1.0.10          
 [19] crayon_1.5.2           RCurl_1.98-1.8         jsonlite_1.8.2        
 [22] progressr_0.11.0       spatstat.data_2.2-0    survival_3.4-0        
 [25] zoo_1.8-11             glue_1.6.2             polyclip_1.10-0       
 [28] zlibbioc_1.40.0        XVector_0.34.0         leiden_0.4.3          
 [31] DelayedArray_0.20.0    Rhdf5lib_1.16.0        future.apply_1.9.1    
 [34] abind_1.4-5            scales_1.2.1           DBI_1.1.3             
 [37] spatstat.random_2.2-0  miniUI_0.1.1.1         viridisLite_0.4.1     
 [40] xtable_1.8-4           reticulate_1.26        spatstat.core_2.4-4   
 [43] htmlwidgets_1.5.4      httr_1.4.4             RColorBrewer_1.1-3    
 [46] ellipsis_0.3.2         ica_1.0-3              pkgconfig_2.0.3       
 [49] farver_2.1.1           deldir_1.0-6           utf8_1.2.2            
 [52] tidyselect_1.1.2       labeling_0.4.2         rlang_1.0.6           
 [55] reshape2_1.4.4         later_1.3.0            munsell_0.5.0         
 [58] tools_4.1.3            cli_3.4.1              generics_0.1.3        
 [61] ggridges_0.5.4         evaluate_0.16          fastmap_1.1.0         
 [64] goftest_1.2-3          fitdistrplus_1.1-8     purrr_0.3.4           
 [67] RANN_2.6.1             pbapply_1.5-0          future_1.28.0         
 [70] nlme_3.1-159           mime_0.12              compiler_4.1.3        
 [73] plotly_4.10.0          png_0.1-7              spatstat.utils_2.3-1  
 [76] tibble_3.1.8           stringi_1.7.8          rgeos_0.5-9           
 [79] lattice_0.20-45        IRdisplay_1.1          vctrs_0.4.2           
 [82] pillar_1.8.1           lifecycle_1.0.2        rhdf5filters_1.6.0    
 [85] spatstat.geom_2.4-0    lmtest_0.9-40          RcppAnnoy_0.0.19      
 [88] cowplot_1.1.1          bitops_1.0-7           irlba_2.3.5           
 [91] httpuv_1.6.6           patchwork_1.1.2        R6_2.5.1              
 [94] promises_1.2.0.1       KernSmooth_2.23-20     parallelly_1.32.1     
 [97] codetools_0.2-18       MASS_7.3-58.1          assertthat_0.2.1      
[100] withr_2.5.0            sctransform_0.3.5      GenomeInfoDbData_1.2.7
[103] mgcv_1.8-40            rpart_4.1.16           IRkernel_1.3          
[106] tidyr_1.2.1            Rtsne_0.16             pbdZMQ_0.3-7          
[109] shiny_1.7.2            base64enc_0.1-3       


------- Log Info


2022-11-11 20:47:17 : Input-Parameters, Class = list

Input-Parameters$ArchRProj: length = 1

Input-Parameters$embedding: length = 1
[1] "UMAPH200_ATAC"


Input-Parameters$colorBy: length = 1
[1] "GeneScoreMatrix"


Input-Parameters$name: length = 8
[1] "Rbfox3"  "Slc17a7" "Gad1"    "Cux2"    "Meis2"   "Rorb"   


Input-Parameters$log2Norm: length = 0
NULL


Input-Parameters$pal: length = 0
NULL


Input-Parameters$size: length = 1
[1] 0.1


Input-Parameters$sampleCells: length = 0
NULL


Input-Parameters$highlightCells: length = 0
NULL


Input-Parameters$rastr: length = 1
[1] TRUE


Input-Parameters$quantCut: length = 2
[1] 0.01 0.99


Input-Parameters$discreteSet: length = 0
NULL


Input-Parameters$continuousSet: length = 0
NULL


Input-Parameters$randomize: length = 1
[1] TRUE


Input-Parameters$keepAxis: length = 1
[1] FALSE


Input-Parameters$baseSize: length = 1
[1] 10


Input-Parameters$plotAs: length = 0
NULL


Input-Parameters$threads: length = 1
[1] 4


Input-Parameters$logFile: length = 1
[1] "ArchRLogs/ArchR-plotEmbedding-b58450cb46bc-Date-2022-11-11_Time-20-47-16.log"



2022-11-11 20:47:17 : 

2022-11-11 20:47:17 : Embedding data.frame, Class = data.frame
Embedding data.frame: nRows = 44068, nCols = 2
                      HarmonyI200_ATAC#UMAP_Dimension_1
1S#AGAAGGTGTTGTTCAC-1                       -0.41619770
1S#AAGCCTGTCTTAGGGT-1                        0.08332167
1S#AGTTGCAGTGTCCAAA-1                        1.01690201
1S#ACTTGAATCGGTTCCT-1                        0.46804009
1S#GGCTTCAAGCAAACCT-1                       -0.20400595
1S#TCACTGACAACTGGCT-1                        0.69114856
                      HarmonyI200_ATAC#UMAP_Dimension_2
1S#AGAAGGTGTTGTTCAC-1                         -3.935500
1S#AAGCCTGTCTTAGGGT-1                         -4.284349
1S#AGTTGCAGTGTCCAAA-1                         -1.653868
1S#ACTTGAATCGGTTCCT-1                          2.199216
1S#GGCTTCAAGCAAACCT-1                         -4.274580
1S#TCACTGACAACTGGCT-1                         -3.429037



2022-11-11 20:47:17 : 

2022-11-11 20:47:17 : 

2022-11-11 20:47:17 : FeatureDF, Class = DFrame
DataFrame with 32751 rows and 6 columns
      seqnames     start       end  strand          name     idx
         <Rle>   <array>   <array> <array>       <array> <array>
1         chr1    732075    726113       2       Vmn2r86       1
2         chr1    830832    827215       2 B230307C23Rik       2
3         chr1    966313    960430       2       Gm14496       3
4         chr1   1005048    995974       2       Vmn2r89       4
5         chr1   1074961   1068837       2        Vmn2r9       5
...        ...       ...       ...     ...           ...     ...
32747     chrX 151633510 151636155       1         Avpr2    1077
32748     chrX 151651135 151636085       2       Arhgap4    1078
32749     chrX 151661283 151656053       2         Naa10    1079
32750     chrX 151670519 151661460       2         Renbp    1080
32751     chrX 151712640 151687786       2         Hcfc1    1081


2022-11-11 20:47:17 : idx, Class = integer

idx: length = 8
[1]  6497  1561 19119  8155 19828  3639



2022-11-11 20:47:17 : FeatureDF-Subset, Class = DFrame
DataFrame with 8 rows and 6 columns
  seqnames     start       end  strand    name     idx
     <Rle>   <array>   <array> <array> <array> <array>
1    chr10 104159003 103720354       2  Rbfox3    2290
2     chr1  95649717  95661591       1 Slc17a7    1561
3     chr3  55369271  55410335       1    Gad1     648
4    chr12  34518368  34707946       1    Cux2     643
5     chr3 102946004 102741110       2   Meis2    1357
6     chr1 216544406 216356875       2    Rorb    3639
7     chr5 150006504 149951391       2    Alpl    1661
8     chr2 186564376 186687746       1   Tbx15    1649


2022-11-11 20:48:03 : Feature-Matrix, Class = dgCMatrix
Feature-Matrix: nRows = 8, nCols = 44068
Feature-Matrix: NonZeroEntries = 208155, EntryRange = [ 0.02 , 24.149 ]
5 x 5 sparse Matrix of class "dgCMatrix"
     1S#AGAAGGTGTTGTTCAC-1 1S#AAGCCTGTCTTAGGGT-1 1S#AGTTGCAGTGTCCAAA-1
[1,]                 2.568                 1.977                 2.460
[2,]                 0.135                 0.265                 0.315
[3,]                 0.265                 0.238                 0.505
[4,]                 0.409                 1.582                 0.913
[5,]                 0.409                 0.439                 0.604
     1S#ACTTGAATCGGTTCCT-1 1S#GGCTTCAAGCAAACCT-1
[1,]                 3.100                 2.816
[2,]                 0.515                 0.144
[3,]                 0.197                 0.407
[4,]                 0.892                 0.970
[5,]                 1.173                 0.483



2022-11-11 20:48:03 : colorMat-Before-Impute, Class = matrix
 
2022-11-11 20:48:03 : colorMat-Before-Impute, Class = array
        1S#AGAAGGTGTTGTTCAC-1 1S#AAGCCTGTCTTAGGGT-1 1S#AGTTGCAGTGTCCAAA-1
Rbfox3                  2.568                 1.977                 2.460
Slc17a7                 0.135                 0.265                 0.315
Gad1                    0.265                 0.238                 0.505
Cux2                    0.409                 1.582                 0.913
Meis2                   0.409                 0.439                 0.604
        1S#ACTTGAATCGGTTCCT-1 1S#GGCTTCAAGCAAACCT-1
Rbfox3                  3.100                 2.816
Slc17a7                 0.515                 0.144
Gad1                    0.197                 0.407
Cux2                    0.892                 0.970
Meis2                   1.173                 0.483

colorMat-Before-Impute: nRows = 8, nCols = 44068


2022-11-11 20:48:03 : imputeMatrix Input-Parameters, Class = list

imputeMatrix Input-Parameters$mat: nRows = 8, nCols = 44068
        1S#AGAAGGTGTTGTTCAC-1 1S#AAGCCTGTCTTAGGGT-1 1S#AGTTGCAGTGTCCAAA-1
Rbfox3                  2.568                 1.977                 2.460
Slc17a7                 0.135                 0.265                 0.315
Gad1                    0.265                 0.238                 0.505
Cux2                    0.409                 1.582                 0.913
Meis2                   0.409                 0.439                 0.604
        1S#ACTTGAATCGGTTCCT-1 1S#GGCTTCAAGCAAACCT-1
Rbfox3                  3.100                 2.816
Slc17a7                 0.515                 0.144
Gad1                    0.197                 0.407
Cux2                    0.892                 0.970
Meis2                   1.173                 0.483


imputeMatrix Input-Parameters$threads: length = 1
[1] 4


imputeMatrix Input-Parameters$verbose: length = 1
[1] FALSE


imputeMatrix Input-Parameters$logFile: length = 1
[1] "ArchRLogs/ArchR-plotEmbedding-b58450cb46bc-Date-2022-11-11_Time-20-47-16.log"



2022-11-11 20:48:03 : mat, Class = matrix
 
2022-11-11 20:48:03 : mat, Class = array
        1S#AGAAGGTGTTGTTCAC-1 1S#AAGCCTGTCTTAGGGT-1 1S#AGTTGCAGTGTCCAAA-1
Rbfox3                  2.568                 1.977                 2.460
Slc17a7                 0.135                 0.265                 0.315
Gad1                    0.265                 0.238                 0.505
Cux2                    0.409                 1.582                 0.913
Meis2                   0.409                 0.439                 0.604
        1S#ACTTGAATCGGTTCCT-1 1S#GGCTTCAAGCAAACCT-1
Rbfox3                  3.100                 2.816
Slc17a7                 0.515                 0.144
Gad1                    0.197                 0.407
Cux2                    0.892                 0.970
Meis2                   1.173                 0.483

mat: nRows = 8, nCols = 44068


2022-11-11 20:48:03 : weightList, Class = SimpleList

weightList$w1: length = 1
[1] "/projects/pfenninggroup/singleCell/Pierce_transgen_rat_multiome/data/tidy_data/ArchRProjects/Rat_Transgen_NAc_scATAC/ImputeWeights/Impute-Weights-Rep-1"


weightList$w2: length = 1
[1] "/projects/pfenninggroup/singleCell/Pierce_transgen_rat_multiome/data/tidy_data/ArchRProjects/Rat_Transgen_NAc_scATAC/ImputeWeights/Impute-Weights-Rep-2"


2022-11-11 20:48:03 : Imputing Matrix (1 of 2), 0 mins elapsed.

2022-11-11 20:48:03 : 

2022-11-11 20:48:03 : 

2022-11-11 20:48:04 : 

2022-11-11 20:48:04 : 

2022-11-11 20:48:04 : 

2022-11-11 20:48:08 : 

2022-11-11 20:48:09 : 

2022-11-11 20:48:10 : 

2022-11-11 20:48:10 : 

2022-11-11 20:48:10 : 
2022-11-11 20:48:15 : Imputing Matrix (2 of 2), 0.202 mins elapsed.

2022-11-11 20:48:15 : 

2022-11-11 20:48:16 : 

2022-11-11 20:48:16 : 

2022-11-11 20:48:16 : 

2022-11-11 20:48:16 : 

2022-11-11 20:48:18 : 

2022-11-11 20:48:22 : 

2022-11-11 20:48:22 : 

2022-11-11 20:48:22 : 

2022-11-11 20:48:22 : 
2022-11-11 20:48:27 : Finished Imputing Matrix, 0.399 mins elapsed.

2022-11-11 20:48:27 : colorMat-After-Impute, Class = matrix
 
2022-11-11 20:48:27 : colorMat-After-Impute, Class = array
        1S#AGAAGGTGTTGTTCAC-1 1S#AAGCCTGTCTTAGGGT-1 1S#AGTTGCAGTGTCCAAA-1
Rbfox3              2.6203024             2.7455427             3.0286896
Slc17a7             0.1798693             0.2210156             0.2350066
Gad1                0.4507539             0.4608157             0.5101491
Cux2                1.0852043             1.1091358             1.1271920
Meis2               0.7414722             0.7717210             1.1762738
        1S#ACTTGAATCGGTTCCT-1 1S#GGCTTCAAGCAAACCT-1
Rbfox3              3.2177283             2.6454043
Slc17a7             0.2623241             0.1996791
Gad1                0.5710295             0.4523596
Cux2                1.0586407             1.1071126
Meis2               1.4954149             0.7411667

colorMat-After-Impute: nRows = 8, nCols = 44068


2022-11-11 20:48:27 : ColorParams 1, Class = list

ColorParams 1$color: length = 44068
1S#AGAAGGTGTTGTTCAC-1 1S#AAGCCTGTCTTAGGGT-1 1S#AGTTGCAGTGTCCAAA-1 
             2.620302              2.745543              3.028690 
1S#ACTTGAATCGGTTCCT-1 1S#GGCTTCAAGCAAACCT-1 1S#TCACTGACAACTGGCT-1 
             3.217728              2.645404              2.807289 


ColorParams 1$discrete: length = 1
[1] FALSE


ColorParams 1$title: length = 1
[1] "UMAPH200_ATAC of HarmonyI200_ATAC colored by\nGeneScoreMatrix : Rbfox3"


ColorParams 1$continuousSet: length = 1
[1] "horizonExtra"



2022-11-11 20:48:27 : PlotParams-1, Class = list

PlotParams-1$color: length = 44068
1S#AGAAGGTGTTGTTCAC-1 1S#AAGCCTGTCTTAGGGT-1 1S#AGTTGCAGTGTCCAAA-1 
             1.856110              1.905175              2.010311 
1S#ACTTGAATCGGTTCCT-1 1S#GGCTTCAAGCAAACCT-1 1S#TCACTGACAACTGGCT-1 
             2.076466              1.866079              1.928764 


PlotParams-1$title: length = 1
[1] "UMAPH200_ATAC of HarmonyI200_ATAC colored by\nGeneScoreMatrix : Rbfox3"


PlotParams-1$x: length = 44068
[1] -0.41619770  0.08332167  1.01690201  0.46804009 -0.20400595  0.69114856


PlotParams-1$y: length = 44068
[1] -3.935500 -4.284349 -1.653868  2.199216 -4.274580 -3.429037


PlotParams-1$baseSize: length = 1
[1] 10


PlotParams-1$xlabel: length = 1
[1] "UMAP Dimension 1"


PlotParams-1$ylabel: length = 1
[1] "UMAP Dimension 2"


PlotParams-1$pal: length = 256
[1] "#000436" "#000439" "#00053D" "#000640" "#000744" "#000848"


PlotParams-1$colorTitle: length = 1
[1] "Log2(NormCounts + 1)"



2022-11-11 20:48:29 : PlotParams-2, Class = list

PlotParams-2$color: length = 44068
1S#AGAAGGTGTTGTTCAC-1 1S#AAGCCTGTCTTAGGGT-1 1S#AGTTGCAGTGTCCAAA-1 
            0.2386270             0.2880817             0.3045188 
1S#ACTTGAATCGGTTCCT-1 1S#GGCTTCAAGCAAACCT-1 1S#TCACTGACAACTGGCT-1 
            0.3360824             0.2626486             0.2969226 


PlotParams-2$title: length = 1
[1] "UMAPH200_ATAC of HarmonyI200_ATAC colored by\nGeneScoreMatrix : Slc17a7"


PlotParams-2$x: length = 44068
[1] -0.41619770  0.08332167  1.01690201  0.46804009 -0.20400595  0.69114856


PlotParams-2$y: length = 44068
[1] -3.935500 -4.284349 -1.653868  2.199216 -4.274580 -3.429037


PlotParams-2$baseSize: length = 1
[1] 10


PlotParams-2$xlabel: length = 1
[1] "UMAP Dimension 1"


PlotParams-2$ylabel: length = 1
[1] "UMAP Dimension 2"


PlotParams-2$pal: length = 256
[1] "#000436" "#000439" "#00053D" "#000640" "#000744" "#000848"


PlotParams-2$colorTitle: length = 1
[1] "Log2(NormCounts + 1)"



2022-11-11 20:48:29 : PlotParams-3, Class = list

PlotParams-3$color: length = 44068
1S#AGAAGGTGTTGTTCAC-1 1S#AAGCCTGTCTTAGGGT-1 1S#AGTTGCAGTGTCCAAA-1 
            0.5368028             0.5467742             0.5946910 
1S#ACTTGAATCGGTTCCT-1 1S#GGCTTCAAGCAAACCT-1 1S#TCACTGACAACTGGCT-1 
            0.6517103             0.5383987             0.5840760 


PlotParams-3$title: length = 1
[1] "UMAPH200_ATAC of HarmonyI200_ATAC colored by\nGeneScoreMatrix : Gad1"


PlotParams-3$x: length = 44068
[1] -0.41619770  0.08332167  1.01690201  0.46804009 -0.20400595  0.69114856


PlotParams-3$y: length = 44068
[1] -3.935500 -4.284349 -1.653868  2.199216 -4.274580 -3.429037


PlotParams-3$baseSize: length = 1
[1] 10


PlotParams-3$xlabel: length = 1
[1] "UMAP Dimension 1"


PlotParams-3$ylabel: length = 1
[1] "UMAP Dimension 2"


PlotParams-3$pal: length = 256
[1] "#000436" "#000439" "#00053D" "#000640" "#000744" "#000848"


PlotParams-3$colorTitle: length = 1
[1] "Log2(NormCounts + 1)"



2022-11-11 20:48:30 : PlotParams-4, Class = list

PlotParams-4$color: length = 44068
1S#AGAAGGTGTTGTTCAC-1 1S#AAGCCTGTCTTAGGGT-1 1S#AGTTGCAGTGTCCAAA-1 
             1.060189              1.076652              1.088950 
1S#ACTTGAATCGGTTCCT-1 1S#GGCTTCAAGCAAACCT-1 1S#TCACTGACAACTGGCT-1 
             1.041692              1.075267              1.098276 


PlotParams-4$title: length = 1
[1] "UMAPH200_ATAC of HarmonyI200_ATAC colored by\nGeneScoreMatrix : Cux2"


PlotParams-4$x: length = 44068
[1] -0.41619770  0.08332167  1.01690201  0.46804009 -0.20400595  0.69114856


PlotParams-4$y: length = 44068
[1] -3.935500 -4.284349 -1.653868  2.199216 -4.274580 -3.429037


PlotParams-4$baseSize: length = 1
[1] 10


PlotParams-4$xlabel: length = 1
[1] "UMAP Dimension 1"


PlotParams-4$ylabel: length = 1
[1] "UMAP Dimension 2"


PlotParams-4$pal: length = 256
[1] "#000436" "#000439" "#00053D" "#000640" "#000744" "#000848"


PlotParams-4$colorTitle: length = 1
[1] "Log2(NormCounts + 1)"



2022-11-11 20:48:30 : PlotParams-5, Class = list

PlotParams-5$color: length = 44068
1S#AGAAGGTGTTGTTCAC-1 1S#AAGCCTGTCTTAGGGT-1 1S#AGTTGCAGTGTCCAAA-1 
            0.8003074             0.8251515             1.1218601 
1S#ACTTGAATCGGTTCCT-1 1S#GGCTTCAAGCAAACCT-1 1S#TCACTGACAACTGGCT-1 
            1.3192797             0.8000544             0.9355527 


PlotParams-5$title: length = 1
[1] "UMAPH200_ATAC of HarmonyI200_ATAC colored by\nGeneScoreMatrix : Meis2"


PlotParams-5$x: length = 44068
[1] -0.41619770  0.08332167  1.01690201  0.46804009 -0.20400595  0.69114856


PlotParams-5$y: length = 44068
[1] -3.935500 -4.284349 -1.653868  2.199216 -4.274580 -3.429037


PlotParams-5$baseSize: length = 1
[1] 10


PlotParams-5$xlabel: length = 1
[1] "UMAP Dimension 1"


PlotParams-5$ylabel: length = 1
[1] "UMAP Dimension 2"


PlotParams-5$pal: length = 256
[1] "#000436" "#000439" "#00053D" "#000640" "#000744" "#000848"


PlotParams-5$colorTitle: length = 1
[1] "Log2(NormCounts + 1)"



2022-11-11 20:48:32 : PlotParams-6, Class = list

PlotParams-6$color: length = 44068
1S#AGAAGGTGTTGTTCAC-1 1S#AAGCCTGTCTTAGGGT-1 1S#AGTTGCAGTGTCCAAA-1 
            0.6305508             0.6057358             0.4886138 
1S#ACTTGAATCGGTTCCT-1 1S#GGCTTCAAGCAAACCT-1 1S#TCACTGACAACTGGCT-1 
            0.3802110             0.6341216             0.5724853 


PlotParams-6$title: length = 1
[1] "UMAPH200_ATAC of HarmonyI200_ATAC colored by\nGeneScoreMatrix : Rorb"


PlotParams-6$x: length = 44068
[1] -0.41619770  0.08332167  1.01690201  0.46804009 -0.20400595  0.69114856


PlotParams-6$y: length = 44068
[1] -3.935500 -4.284349 -1.653868  2.199216 -4.274580 -3.429037


PlotParams-6$baseSize: length = 1
[1] 10


PlotParams-6$xlabel: length = 1
[1] "UMAP Dimension 1"


PlotParams-6$ylabel: length = 1
[1] "UMAP Dimension 2"


PlotParams-6$pal: length = 256
[1] "#000436" "#000439" "#00053D" "#000640" "#000744" "#000848"


PlotParams-6$colorTitle: length = 1
[1] "Log2(NormCounts + 1)"



2022-11-11 20:48:33 : PlotParams-7, Class = list

PlotParams-7$color: length = 44068
1S#AGAAGGTGTTGTTCAC-1 1S#AAGCCTGTCTTAGGGT-1 1S#AGTTGCAGTGTCCAAA-1 
            0.6021751             0.5826653             0.5822011 
1S#ACTTGAATCGGTTCCT-1 1S#GGCTTCAAGCAAACCT-1 1S#TCACTGACAACTGGCT-1 
            0.5895539             0.5944985             0.5756076 


PlotParams-7$title: length = 1
[1] "UMAPH200_ATAC of HarmonyI200_ATAC colored by\nGeneScoreMatrix : Alpl"


PlotParams-7$x: length = 44068
[1] -0.41619770  0.08332167  1.01690201  0.46804009 -0.20400595  0.69114856


PlotParams-7$y: length = 44068
[1] -3.935500 -4.284349 -1.653868  2.199216 -4.274580 -3.429037


PlotParams-7$baseSize: length = 1
[1] 10


PlotParams-7$xlabel: length = 1
[1] "UMAP Dimension 1"


PlotParams-7$ylabel: length = 1
[1] "UMAP Dimension 2"


PlotParams-7$pal: length = 256
[1] "#000436" "#000439" "#00053D" "#000640" "#000744" "#000848"


PlotParams-7$colorTitle: length = 1
[1] "Log2(NormCounts + 1)"



2022-11-11 20:48:34 : PlotParams-8, Class = list

PlotParams-8$color: length = 44068
1S#AGAAGGTGTTGTTCAC-1 1S#AAGCCTGTCTTAGGGT-1 1S#AGTTGCAGTGTCCAAA-1 
            0.3270646             0.3364561             0.2931580 
1S#ACTTGAATCGGTTCCT-1 1S#GGCTTCAAGCAAACCT-1 1S#TCACTGACAACTGGCT-1 
            0.2673554             0.3384718             0.3141619 


PlotParams-8$title: length = 1
[1] "UMAPH200_ATAC of HarmonyI200_ATAC colored by\nGeneScoreMatrix : Tbx15"


PlotParams-8$x: length = 44068
[1] -0.41619770  0.08332167  1.01690201  0.46804009 -0.20400595  0.69114856


PlotParams-8$y: length = 44068
[1] -3.935500 -4.284349 -1.653868  2.199216 -4.274580 -3.429037


PlotParams-8$baseSize: length = 1
[1] 10


PlotParams-8$xlabel: length = 1
[1] "UMAP Dimension 1"


PlotParams-8$ylabel: length = 1
[1] "UMAP Dimension 2"


PlotParams-8$pal: length = 256
[1] "#000436" "#000439" "#00053D" "#000640" "#000744" "#000848"


PlotParams-8$colorTitle: length = 1
[1] "Log2(NormCounts + 1)"



------- Completed

End Time : 2022-11-11 20:48:34
Elapsed Time Minutes = 1.313891573747
Elapsed Time Hours = 0.021898242632548

-------



