
           ___      .______        ______  __    __  .______      
          /   \     |   _  \      /      ||  |  |  | |   _  \     
         /  ^  \    |  |_)  |    |  ,----'|  |__|  | |  |_)  |    
        /  /_\  \   |      /     |  |     |   __   | |      /     
       /  _____  \  |  |\  \\___ |  `----.|  |  |  | |  |\  \\___.
      /__/     \__\ | _| `._____| \______||__|  |__| | _| `._____|
    
Logging With ArchR!

Start Time : 2022-11-20 23:05:51

------- ArchR Info

ArchRThreads = 4

------- System Info

Computer OS = unix

------- Session Info

R version 4.1.3 (2022-03-10)
Platform: x86_64-conda-linux-gnu (64-bit)
Running under: CentOS Linux 7 (Core)

Matrix products: default
BLAS/LAPACK: /home/yixiaoz/miniconda3/envs/ArchR_Env/lib/libopenblasp-r0.3.21.so

Random number generation:
 RNG:     L'Ecuyer-CMRG 
 Normal:  Inversion 
 Sample:  Rejection 
 
locale:
 [1] LC_CTYPE=en_US.UTF-8       LC_NUMERIC=C              
 [3] LC_TIME=en_US.UTF-8        LC_COLLATE=en_US.UTF-8    
 [5] LC_MONETARY=en_US.UTF-8    LC_MESSAGES=en_US.UTF-8   
 [7] LC_PAPER=en_US.UTF-8       LC_NAME=C                 
 [9] LC_ADDRESS=C               LC_TELEPHONE=C            
[11] LC_MEASUREMENT=en_US.UTF-8 LC_IDENTIFICATION=C       

attached base packages:
[1] stats4    grid      stats     graphics  grDevices utils     datasets 
[8] methods   base     

other attached packages:
 [1] rhdf5_2.38.1                SummarizedExperiment_1.24.0
 [3] Biobase_2.54.0              MatrixGenerics_1.6.0       
 [5] Rcpp_1.0.9                  Matrix_1.5-3               
 [7] GenomicRanges_1.46.1        GenomeInfoDb_1.30.1        
 [9] IRanges_2.28.0              S4Vectors_0.32.4           
[11] BiocGenerics_0.40.0         matrixStats_0.63.0         
[13] data.table_1.14.6           stringr_1.4.1              
[15] plyr_1.8.8                  magrittr_2.0.3             
[17] ggplot2_3.4.0               gtable_0.3.1               
[19] gtools_3.9.3                gridExtra_2.3              
[21] ArchR_1.0.2                

loaded via a namespace (and not attached):
 [1] pbdZMQ_0.3-7           tidyselect_1.2.0       repr_1.1.4            
 [4] lattice_0.20-45        colorspace_2.0-3       vctrs_0.5.1           
 [7] generics_0.1.3         htmltools_0.5.3        base64enc_0.1-3       
[10] utf8_1.2.2             rlang_1.0.6            pillar_1.8.1          
[13] glue_1.6.2             withr_2.5.0            DBI_1.1.3             
[16] uuid_1.1-0             GenomeInfoDbData_1.2.7 lifecycle_1.0.3       
[19] zlibbioc_1.40.0        munsell_0.5.0          evaluate_0.16         
[22] fastmap_1.1.0          parallel_4.1.3         fansi_1.0.3           
[25] IRdisplay_1.1          scales_1.2.1           DelayedArray_0.20.0   
[28] IRkernel_1.3           jsonlite_1.8.3         XVector_0.34.0        
[31] digest_0.6.30          stringi_1.7.8          dplyr_1.0.10          
[34] rhdf5filters_1.6.0     cli_3.4.1              tools_4.1.3           
[37] bitops_1.0-7           RCurl_1.98-1.9         tibble_3.1.8          
[40] crayon_1.5.2           pkgconfig_2.0.3        assertthat_0.2.1      
[43] Rhdf5lib_1.16.0        R6_2.5.1               compiler_4.1.3        


------- Log Info


2022-11-20 23:05:51 : Input-Parameters, Class = list

Input-Parameters$ArchRProj: length = 1

Input-Parameters$embedding: length = 1
[1] "UMAPH200_ATAC"


Input-Parameters$colorBy: length = 1
[1] "cellColData"


Input-Parameters$name: length = 1
[1] "Celltype1"


Input-Parameters$log2Norm: length = 0
NULL


Input-Parameters$imputeWeights: length = 0
NULL


Input-Parameters$pal: length = 0
NULL


Input-Parameters$size: length = 1
[1] 0.1


Input-Parameters$sampleCells: length = 0
NULL


Input-Parameters$highlightCells: length = 0
NULL


Input-Parameters$rastr: length = 1
[1] TRUE


Input-Parameters$quantCut: length = 2
[1] 0.01 0.99


Input-Parameters$discreteSet: length = 0
NULL


Input-Parameters$continuousSet: length = 0
NULL


Input-Parameters$randomize: length = 1
[1] TRUE


Input-Parameters$keepAxis: length = 1
[1] FALSE


Input-Parameters$baseSize: length = 1
[1] 10


Input-Parameters$plotAs: length = 0
NULL


Input-Parameters$threads: length = 1
[1] 4


Input-Parameters$logFile: length = 1
[1] "ArchRLogs/ArchR-plotEmbedding-c6619001fbb-Date-2022-11-20_Time-23-05-49.log"



2022-11-20 23:05:51 : 

2022-11-20 23:05:51 : Embedding data.frame, Class = data.frame
Embedding data.frame: nRows = 44068, nCols = 2
                      HarmonyI200_ATAC#UMAP_Dimension_1
1S#AGAAGGTGTTGTTCAC-1                       -0.41619770
1S#AAGCCTGTCTTAGGGT-1                        0.08332167
1S#AGTTGCAGTGTCCAAA-1                        1.01690201
1S#ACTTGAATCGGTTCCT-1                        0.46804009
1S#GGCTTCAAGCAAACCT-1                       -0.20400595
1S#TCACTGACAACTGGCT-1                        0.69114856
                      HarmonyI200_ATAC#UMAP_Dimension_2
1S#AGAAGGTGTTGTTCAC-1                         -3.935500
1S#AAGCCTGTCTTAGGGT-1                         -4.284349
1S#AGTTGCAGTGTCCAAA-1                         -1.653868
1S#ACTTGAATCGGTTCCT-1                          2.199216
1S#GGCTTCAAGCAAACCT-1                         -4.274580
1S#TCACTGACAACTGGCT-1                         -3.429037



2022-11-20 23:05:58 : 

2022-11-20 23:05:58 : ColorParams 1, Class = list

ColorParams 1$color: length = 44068
[1] "INTERNEURONS" "INTERNEURONS" "D2MSN"        "D2MSN"        "INTERNEURONS"
[6] "INTERNEURONS"


ColorParams 1$discrete: length = 1
[1] TRUE


ColorParams 1$continuousSet: length = 1
[1] "solarExtra"


ColorParams 1$discreteSet: length = 1
[1] "stallion"


ColorParams 1$title: length = 1
[1] "UMAPH200_ATAC of HarmonyI200_ATAC  colored by\ncolData :  Celltype1"



2022-11-20 23:05:58 : PlotParams-1, Class = list

PlotParams-1$color: length = 44068
[1] "INTERNEURONS" "INTERNEURONS" "D2MSN"        "D2MSN"        "INTERNEURONS"
[6] "INTERNEURONS"


PlotParams-1$discrete: length = 1
[1] TRUE


PlotParams-1$continuousSet: length = 1
[1] "solarExtra"


PlotParams-1$discreteSet: length = 1
[1] "stallion"


PlotParams-1$title: length = 1
[1] "UMAPH200_ATAC of HarmonyI200_ATAC  colored by\ncolData :  Celltype1"


PlotParams-1$x: length = 44068
[1] -0.41619770  0.08332167  1.01690201  0.46804009 -0.20400595  0.69114856


PlotParams-1$y: length = 44068
[1] -3.935500 -4.284349 -1.653868  2.199216 -4.274580 -3.429037


PlotParams-1$baseSize: length = 1
[1] 10


PlotParams-1$xlabel: length = 1
[1] "UMAP Dimension 1"


PlotParams-1$ylabel: length = 1
[1] "UMAP Dimension 2"


PlotParams-1$rastr: length = 1
[1] TRUE


PlotParams-1$size: length = 1
[1] 0.1


PlotParams-1$randomize: length = 1
[1] TRUE



------- Completed

End Time : 2022-11-20 23:05:59
Elapsed Time Minutes = 0.139869705835978
Elapsed Time Hours = 0.00233354992336697

-------



