
           ___      .______        ______  __    __  .______      
          /   \     |   _  \      /      ||  |  |  | |   _  \     
         /  ^  \    |  |_)  |    |  ,----'|  |__|  | |  |_)  |    
        /  /_\  \   |      /     |  |     |   __   | |      /     
       /  _____  \  |  |\  \\___ |  `----.|  |  |  | |  |\  \\___.
      /__/     \__\ | _| `._____| \______||__|  |__| | _| `._____|
    
Logging With ArchR!

Start Time : 2022-11-08 12:27:26

------- ArchR Info

ArchRThreads = 4

------- System Info

Computer OS = unix
Total Cores = 32

------- Session Info

R version 4.1.3 (2022-03-10)
Platform: x86_64-conda-linux-gnu (64-bit)
Running under: CentOS Linux 7 (Core)

Matrix products: default
BLAS/LAPACK: /home/yixiaoz/anaconda3/envs/ArchR_Env/lib/libopenblasp-r0.3.21.so

Random number generation:
 RNG:     L'Ecuyer-CMRG 
 Normal:  Inversion 
 Sample:  Rejection 
 
locale:
 [1] LC_CTYPE=en_US.UTF-8       LC_NUMERIC=C              
 [3] LC_TIME=en_US.UTF-8        LC_COLLATE=en_US.UTF-8    
 [5] LC_MONETARY=en_US.UTF-8    LC_MESSAGES=en_US.UTF-8   
 [7] LC_PAPER=en_US.UTF-8       LC_NAME=C                 
 [9] LC_ADDRESS=C               LC_TELEPHONE=C            
[11] LC_MEASUREMENT=en_US.UTF-8 LC_IDENTIFICATION=C       

attached base packages:
 [1] parallel  stats4    grid      stats     graphics  grDevices utils    
 [8] datasets  methods   base     

other attached packages:
 [1] harmony_0.1.0               uwot_0.1.14                
 [3] nabor_0.5.0                 sp_1.5-0                   
 [5] SeuratObject_4.1.2          Seurat_4.2.0               
 [7] rhdf5_2.38.1                SummarizedExperiment_1.24.0
 [9] Biobase_2.54.0              MatrixGenerics_1.6.0       
[11] Rcpp_1.0.9                  Matrix_1.5-1               
[13] GenomicRanges_1.46.1        GenomeInfoDb_1.30.1        
[15] IRanges_2.28.0              S4Vectors_0.32.4           
[17] BiocGenerics_0.40.0         matrixStats_0.62.0         
[19] data.table_1.14.2           stringr_1.4.1              
[21] plyr_1.8.7                  magrittr_2.0.3             
[23] ggplot2_3.3.6               gtable_0.3.1               
[25] gtools_3.9.3                gridExtra_2.3              
[27] ArchR_1.0.2                

loaded via a namespace (and not attached):
  [1] uuid_1.1-0             igraph_1.3.5           repr_1.1.4            
  [4] lazyeval_0.2.2         splines_4.1.3          listenv_0.8.0         
  [7] scattermore_0.8        digest_0.6.29          htmltools_0.5.3       
 [10] fansi_1.0.3            tensor_1.5             cluster_2.1.4         
 [13] ROCR_1.0-11            globals_0.16.1         spatstat.sparse_2.1-1 
 [16] colorspace_2.0-3       ggrepel_0.9.1          dplyr_1.0.10          
 [19] crayon_1.5.2           RCurl_1.98-1.8         jsonlite_1.8.2        
 [22] progressr_0.11.0       spatstat.data_2.2-0    survival_3.4-0        
 [25] zoo_1.8-11             glue_1.6.2             polyclip_1.10-0       
 [28] zlibbioc_1.40.0        XVector_0.34.0         leiden_0.4.3          
 [31] DelayedArray_0.20.0    Rhdf5lib_1.16.0        future.apply_1.9.1    
 [34] abind_1.4-5            scales_1.2.1           DBI_1.1.3             
 [37] spatstat.random_2.2-0  miniUI_0.1.1.1         viridisLite_0.4.1     
 [40] xtable_1.8-4           reticulate_1.26        spatstat.core_2.4-4   
 [43] htmlwidgets_1.5.4      httr_1.4.4             RColorBrewer_1.1-3    
 [46] ellipsis_0.3.2         ica_1.0-3              pkgconfig_2.0.3       
 [49] farver_2.1.1           deldir_1.0-6           utf8_1.2.2            
 [52] tidyselect_1.1.2       labeling_0.4.2         rlang_1.0.6           
 [55] reshape2_1.4.4         later_1.3.0            munsell_0.5.0         
 [58] tools_4.1.3            cli_3.4.1              generics_0.1.3        
 [61] ggridges_0.5.4         evaluate_0.16          fastmap_1.1.0         
 [64] goftest_1.2-3          fitdistrplus_1.1-8     purrr_0.3.4           
 [67] RANN_2.6.1             pbapply_1.5-0          future_1.28.0         
 [70] nlme_3.1-159           mime_0.12              compiler_4.1.3        
 [73] plotly_4.10.0          png_0.1-7              spatstat.utils_2.3-1  
 [76] tibble_3.1.8           stringi_1.7.8          rgeos_0.5-9           
 [79] lattice_0.20-45        IRdisplay_1.1          vctrs_0.4.2           
 [82] pillar_1.8.1           lifecycle_1.0.2        rhdf5filters_1.6.0    
 [85] spatstat.geom_2.4-0    lmtest_0.9-40          RcppAnnoy_0.0.19      
 [88] cowplot_1.1.1          bitops_1.0-7           irlba_2.3.5           
 [91] httpuv_1.6.6           patchwork_1.1.2        R6_2.5.1              
 [94] promises_1.2.0.1       KernSmooth_2.23-20     parallelly_1.32.1     
 [97] codetools_0.2-18       MASS_7.3-58.1          assertthat_0.2.1      
[100] withr_2.5.0            sctransform_0.3.5      GenomeInfoDbData_1.2.7
[103] mgcv_1.8-40            rpart_4.1.16           IRkernel_1.3          
[106] tidyr_1.2.1            Rtsne_0.16             pbdZMQ_0.3-7          
[109] shiny_1.7.2            base64enc_0.1-3       


------- Log Info


2022-11-08 12:27:26 : Input-Parameters, Class = list

Input-Parameters$ArchRProj: length = 1

Input-Parameters$embedding: length = 1
[1] "UMAPH200_ATAC"


Input-Parameters$colorBy: length = 1
[1] "cellColData"


Input-Parameters$name: length = 1
[1] "DoubletEnrichment"


Input-Parameters$log2Norm: length = 0
NULL


Input-Parameters$imputeWeights: length = 0
NULL


Input-Parameters$pal: length = 0
NULL


Input-Parameters$size: length = 1
[1] 0.1


Input-Parameters$sampleCells: length = 0
NULL


Input-Parameters$highlightCells: length = 0
NULL


Input-Parameters$rastr: length = 1
[1] TRUE


Input-Parameters$quantCut: length = 2
[1] 0.01 0.99


Input-Parameters$discreteSet: length = 0
NULL


Input-Parameters$continuousSet: length = 0
NULL


Input-Parameters$randomize: length = 1
[1] TRUE


Input-Parameters$keepAxis: length = 1
[1] FALSE


Input-Parameters$baseSize: length = 1
[1] 10


Input-Parameters$plotAs: length = 0
NULL


Input-Parameters$threads: length = 1
[1] 4


Input-Parameters$logFile: length = 1
[1] "ArchRLogs/ArchR-plotEmbedding-186883ccbf250-Date-2022-11-08_Time-12-27-26.log"



2022-11-08 12:27:26 : 

2022-11-08 12:27:26 : Embedding data.frame, Class = data.frame
Embedding data.frame: nRows = 43786, nCols = 2
                      HarmonyI200_ATAC#UMAP_Dimension_1
1S#AGAAGGTGTTGTTCAC-1                         0.2894728
1S#AAGCCTGTCTTAGGGT-1                         0.6191126
1S#TAATGGTGTCATGCAA-1                         0.4586642
1S#ACTTGAATCGGTTCCT-1                         0.5526383
1S#GGCTTCAAGCAAACCT-1                         0.2893373
1S#TAGGCTTAGGAGCATA-1                         0.6054154
                      HarmonyI200_ATAC#UMAP_Dimension_2
1S#AGAAGGTGTTGTTCAC-1                          4.942866
1S#AAGCCTGTCTTAGGGT-1                          5.083348
1S#TAATGGTGTCATGCAA-1                          5.068356
1S#ACTTGAATCGGTTCCT-1                         -1.828646
1S#GGCTTCAAGCAAACCT-1                          5.020706
1S#TAGGCTTAGGAGCATA-1                          4.837004



2022-11-08 12:27:26 : 

2022-11-08 12:27:26 : ColorParams 1, Class = list

ColorParams 1$color: length = 43786
[1] 0.4451613 0.4774194 0.3806452 0.3935484 0.4838710 0.4000000


ColorParams 1$discrete: length = 1
[1] FALSE


ColorParams 1$continuousSet: length = 1
[1] "solarExtra"


ColorParams 1$discreteSet: length = 1
[1] "stallion"


ColorParams 1$title: length = 1
[1] "UMAPH200_ATAC of HarmonyI200_ATAC  colored by\ncolData :  DoubletEnrichment"



2022-11-08 12:27:26 : PlotParams-1, Class = list

PlotParams-1$color: length = 43786
[1] 0.4451613 0.4774194 0.3806452 0.3935484 0.4838710 0.4000000


PlotParams-1$discreteSet: length = 1
[1] "stallion"


PlotParams-1$title: length = 1
[1] "UMAPH200_ATAC of HarmonyI200_ATAC  colored by\ncolData :  DoubletEnrichment"


PlotParams-1$x: length = 43786
[1] 0.2894728 0.6191126 0.4586642 0.5526383 0.2893373 0.6054154


PlotParams-1$y: length = 43786
[1]  4.942866  5.083348  5.068356 -1.828646  5.020706  4.837004


PlotParams-1$baseSize: length = 1
[1] 10


PlotParams-1$xlabel: length = 1
[1] "UMAP Dimension 1"


PlotParams-1$ylabel: length = 1
[1] "UMAP Dimension 2"


PlotParams-1$pal: length = 256
[1] "#3361A5" "#3262A7" "#3263A9" "#3164AC" "#3166AE" "#3067B1"



------- Completed

End Time : 2022-11-08 12:27:28
Elapsed Time Minutes = 0.0426054318745931
Elapsed Time Hours = 0.000710152586301168

-------



